<?xml version="1.0" encoding="UTF-8"?>
<!-- Generated by org.testng.reporters.JUnitXMLReporter -->
<testsuite ignored="0" hostname="DESKTOP-G57CLC5" failures="0" tests="13" name="Default test" time="105.628" errors="0" timestamp="2025-08-24T05:54:18 AST">
  <testcase classname="Test.UserTests" name="NewCustomer" time="1.489"/>
  <testcase classname="Test.UserTests" name="testRegister" time="5.302"/>
  <testcase classname="Test.UserTests" name="testRegister2" time="9.148"/>
  <testcase classname="Test.UserTests" name="testLogout" time="3.031"/>
  <testcase classname="Test.UserTests" name="testLogin" time="4.913"/>
  <testcase classname="Test.UserTests" name="viewingProductDetailsAndAddToCart" time="8.754"/>
  <testcase classname="Test.UserTests" name="testCartAndCheckout" time="13.905"/>
  <testcase classname="Test.UserTests" name="testPayment" time="16.645"/>
  <testcase classname="Test.UserTests" name="contactUs" time="15.641"/>
  <testcase classname="Test.UserTests" name="Subscription" time="2.167"/>
  <testcase classname="Test.UserTests" name="testSelectRandomBrand" time="1.108"/>
  <testcase classname="Test.UserTests" name="testSelectRandomBrand" time="0.954"/>
  <testcase classname="Test.UserTests" name="Review" time="8.887"/>
</testsuite> <!-- Default test -->
